<?xml version="1.0" encoding="UTF-8"?>
<!-- Generated by org.testng.reporters.JUnitReportReporter -->
<testsuite hostname="DESKTOP-E2S1R32" failures="0" tests="1" name="com.rmg.api.database.RmgEndtoEndTesy" time="1.275" errors="0" timestamp="7 Sep 2022 12:11:45 GMT">
  <testcase classname="com.rmg.api.database.RmgEndtoEndTesy" name="createProjectVerifyInGUIandDB" time="1.275"/>
</testsuite> <!-- com.rmg.api.database.RmgEndtoEndTesy -->
